<?xml version="1.0" encoding="UTF-8"?>
<!-- Generated by org.testng.reporters.JUnitXMLReporter -->
<testsuite ignored="0" hostname="KG-GSSL494" failures="1" tests="1" name="Default test" time="37.332" errors="0" timestamp="2024-02-01T12:14:47 IST">
  <testcase classname="io.cucumber.testng.AbstractTestNGCucumberTests" name="runScenario" time="30.811">
    <failure type="java.lang.ArrayIndexOutOfBoundsException" message="Index 1 out of bounds for length 1">
      <![CDATA[java.lang.ArrayIndexOutOfBoundsException: Index 1 out of bounds for length 1
at com.kgisl.controls.WebControl.SelectDateofBirth(WebControl.java:82)
at com.kgisl.stepDefinition.EverGreenStepDefinitions.Date_of_birth_and_Occupation_Selection(EverGreenStepDefinitions.java:393)
at âœ½.Enter the Date of Birth and Select the Occupation(file:///D:/Nsure_Evergreen/Git/Evergreen/src/test/resources/features/SMOKE_TestCases.feature:15)
]]>
    </failure>
  </testcase> <!-- runScenario -->
</testsuite> <!-- Default test -->
